Conversion STEP vers Solid Edge
Date: mercredi,janvier 06,2021 02 :33
Fichier source: \\FSERVEUR\FPerrin\GitLAB\alim_elo_dps3005\4_Fabrication\Version_0\B_Mecanique\1_SolidEdge\2_Alim36V\MW_LRS-100\LRS-100.stp
Auteur: '
Organisation: '
Système source: PTC Creo Elements/Direct Modeling 19.0  09-May-2014 (C) Parametric Technology GmbH

Matériel:
Processeur: Intel(R) Core(TM) i7-2700K CPU @ 3.50GHz
Système d'exploitation: Windows 7 Professional Service Pack 1
Mémoire installée: 7.97 GB

Informations sur le logiciel
Version de Parasolid: 26.0.139
Version de PSBodyShop: 16.1.150
Version du convertisseur: 16.42.0
Version de Solid Edge: 106.00.00.100

Options d'importation STEP
Activer transfert des attributs: Actif
Importer filaires Classe II: Actif
Importer filaires Classe III: Actif
Importer surface Classe IV: Actif
Importer solides Classe IV: Actif
Activer couture : Actif
Importer et coudre surfaces de type Classe II: Actif
Convertir solides Classe IV en tant que surfaces relimitées, puis coudre: Désactivé
Corps solides booléens: Actif
Créer fonction technologique de base: Actif
Simplifier géométrie: Actif
Réparation et couture activées: Désactivé
Activer la réparation interne: Actif
Exporter les noms de composant de pièce en tant qu'Unicode : Actif

Etape 1 sur 3 - Conversion vers les types de données Parasolid...
Fin de la conversion des types de données Parasolid
Temps nécessaire à la conversion:00 : 00 : 04

Etape 2 sur 3 - Simplifier la géométrie...
Fin de l'opération de simplification de la géométrie
Temps nécessaire à la simplification: 00 : 00 : 01
Couture des surfaces libres...

Etape 3 sur 3 - Création des entités Parasolid...
Fin de  l'opération de conversion
Temps total nécessaire à la conversion et au post-traitement:00 : 00 : 07

Assemblage de départ: 0
Total de pièces:  19
Assemblages: 2
Corps solides: 9
Corps de type surfaces: 8

Assemblage de départ: 1
Total de pièces:  1
Assemblages: 0
Corps solides: 1
Corps de type surfaces: 0

Fichier de pièce SE \\FSERVEUR\FPerrin\GitLAB\alim_elo_dps3005\4_Fabrication\Version_0\B_Mecanique\1_SolidEdge\2_Alim36V\MW_LRS-100\PCB.par créé
Placement de PCB.par:1 en cours

Assemblage d'arrivée: 1

Fichier d'assemblage SE \\FSERVEUR\FPerrin\GitLAB\alim_elo_dps3005\4_Fabrication\Version_0\B_Mecanique\1_SolidEdge\2_Alim36V\MW_LRS-100\G5.asm créé
Placement de G5.asm:1 en cours

Assemblage de départ: 2
Total de pièces:  2
Assemblages: 0
Corps solides: 2
Corps de type surfaces: 0

Fichier de pièce SE \\FSERVEUR\FPerrin\GitLAB\alim_elo_dps3005\4_Fabrication\Version_0\B_Mecanique\1_SolidEdge\2_Alim36V\MW_LRS-100\pin.1.1.par créé
Placement de pin.1.1.par:1 en cours

Fichier de pièce SE \\FSERVEUR\FPerrin\GitLAB\alim_elo_dps3005\4_Fabrication\Version_0\B_Mecanique\1_SolidEdge\2_Alim36V\MW_LRS-100\p2.par créé
Placement de p2.par:1 en cours

Assemblage d'arrivée: 2

Fichier d'assemblage SE \\FSERVEUR\FPerrin\GitLAB\alim_elo_dps3005\4_Fabrication\Version_0\B_Mecanique\1_SolidEdge\2_Alim36V\MW_LRS-100\HS.asm créé
Placement de HS.asm:1 en cours

Traitement corps solide 1 of 19 en cours
Fichier de pièce SE \\FSERVEUR\FPerrin\GitLAB\alim_elo_dps3005\4_Fabrication\Version_0\B_Mecanique\1_SolidEdge\2_Alim36V\MW_LRS-100\tn.1.1.1.1.par créé
Placement de tn.1.1.1.1.par:1 en cours

Traitement corps solide 2 of 19 en cours
Fichier de pièce SE \\FSERVEUR\FPerrin\GitLAB\alim_elo_dps3005\4_Fabrication\Version_0\B_Mecanique\1_SolidEdge\2_Alim36V\MW_LRS-100\444.par créé
Placement de 444.par:1 en cours

Traitement corps solide 3 of 19 en cours
Fichier de pièce SE \\FSERVEUR\FPerrin\GitLAB\alim_elo_dps3005\4_Fabrication\Version_0\B_Mecanique\1_SolidEdge\2_Alim36V\MW_LRS-100\444.1.par créé
Placement de 444.1.par:1 en cours

Traitement corps solide 4 of 19 en cours
Fichier de pièce SE \\FSERVEUR\FPerrin\GitLAB\alim_elo_dps3005\4_Fabrication\Version_0\B_Mecanique\1_SolidEdge\2_Alim36V\MW_LRS-100\444.2.par créé
Placement de 444.2.par:1 en cours

Traitement corps solide 5 of 19 en cours
Fichier de pièce SE \\FSERVEUR\FPerrin\GitLAB\alim_elo_dps3005\4_Fabrication\Version_0\B_Mecanique\1_SolidEdge\2_Alim36V\MW_LRS-100\EE.par créé
Placement de EE.par:1 en cours

Traitement corps solide 6 of 19 en cours
Fichier de pièce SE \\FSERVEUR\FPerrin\GitLAB\alim_elo_dps3005\4_Fabrication\Version_0\B_Mecanique\1_SolidEdge\2_Alim36V\MW_LRS-100\MHS033.1.par créé
Placement de MHS033.1.par:1 en cours

Traitement corps solide 7 of 19 en cours
Fichier de pièce SE \\FSERVEUR\FPerrin\GitLAB\alim_elo_dps3005\4_Fabrication\Version_0\B_Mecanique\1_SolidEdge\2_Alim36V\MW_LRS-100\MOS15.5x10.1.1.1.1.1.1.1.3.2.par créé
Placement de MOS15.5x10.1.1.1.1.1.1.1.3.2.par:1 en cours

Traitement corps solide 8 of 19 en cours
Fichier \\FSERVEUR\FPerrin\GitLAB\alim_elo_dps3005\4_Fabrication\Version_0\B_Mecanique\1_SolidEdge\2_Alim36V\MW_LRS-100\MOS15.5x10.1.1.1.1.1.1.1.3.2.par en cours de réutilisation
Placement de MOS15.5x10.1.1.1.1.1.1.1.3.2.par:2 en cours

Traitement corps solide 9 of 19 en cours
Fichier \\FSERVEUR\FPerrin\GitLAB\alim_elo_dps3005\4_Fabrication\Version_0\B_Mecanique\1_SolidEdge\2_Alim36V\MW_LRS-100\MOS15.5x10.1.1.1.1.1.1.1.3.2.par en cours de réutilisation
Placement de MOS15.5x10.1.1.1.1.1.1.1.3.2.par:3 en cours

Traitement de 8 corps de type surfaces en cours
Fichier de pièce SE \\FSERVEUR\FPerrin\GitLAB\alim_elo_dps3005\4_Fabrication\Version_0\B_Mecanique\1_SolidEdge\2_Alim36V\MW_LRS-100\55.par créé
Placement de 55.par:1 en cours




