Conversion STEP vers Solid Edge
Date: jeudi,juin 23,2022 02 :25
Fichier source: D:\GitLAB\ALIM_ELO\4_Fabrication\Version_0\B_Mecanique\1_SolidEdge\6_PoweEntryFuse\JR-101-1F.stp
Auteur: 'Nobody'
Organisation: '
SystŤme source: ASCON Math Kernel

Matťriel:
Processeur: Intel(R) Core(TM) i7-2700K CPU @ 3.50GHz
SystŤme d'exploitation: Windows 7 Professional Service Pack 1
Mťmoire installťe: 7.97 GB

Informations sur le logiciel
Version de Parasolid: 26.0.139
Version de PSBodyShop: 16.1.150
Version du convertisseur: 16.42.0
Version de Solid Edge: 106.00.00.100

Options d'importation STEP
Activer transfert des attributs: Actif
Importer filaires Classe II: Actif
Importer filaires Classe III: Actif
Importer surface Classe IV: Actif
Importer solides Classe IV: Actif
Activer couture : Actif
Importer et coudre surfaces de type Classe II: Actif
Convertir solides Classe IV en tant que surfaces relimitťes, puis coudre: Dťsactivť
Corps solides boolťens: Actif
Crťer fonction technologique de base: Actif
Simplifier gťomťtrie: Actif
Rťparation et couture activťes: Dťsactivť
Activer la rťparation interne: Actif
Exporter les noms de composant de piŤce en tant qu'Unicode : Actif

Etape 1 sur 3 - Conversion vers les types de donnťes Parasolid...
Fin de la conversion des types de donnťes Parasolid
Temps nťcessaire ŗ la conversion:00 : 00 : 01

Etape 2 sur 3 - Simplifier la gťomťtrie...
Fin de l'opťration de simplification de la gťomťtrie
Temps nťcessaire ŗ la simplification: 00 : 00 : 00
Couture des surfaces libres...

Etape 3 sur 3 - Crťation des entitťs Parasolid...
Fin de  l'opťration de conversion
Temps total nťcessaire ŗ la conversion et au post-traitement:00 : 00 : 02

Assemblage de dťpart: 0
Total de piŤces:  8
Assemblages: 0
Corps solides: 8
Corps de type surfaces: 0

Traitement corps solide 1 of 8 en cours
Fichier de piŤce SE D:\GitLAB\ALIM_ELO\4_Fabrication\Version_0\B_Mecanique\1_SolidEdge\6_PoweEntryFuse\JR-101-1F.par crťť
Placement de JR-101-1F.par:1 en cours

Traitement corps solide 2 of 8 en cours
Fichier de piŤce SE D:\GitLAB\ALIM_ELO\4_Fabrication\Version_0\B_Mecanique\1_SolidEdge\6_PoweEntryFuse\JR-101-1F_0.par crťť
Placement de JR-101-1F_0.par:1 en cours

Traitement corps solide 3 of 8 en cours
Fichier de piŤce SE D:\GitLAB\ALIM_ELO\4_Fabrication\Version_0\B_Mecanique\1_SolidEdge\6_PoweEntryFuse\JR-101-1F_1.par crťť
Placement de JR-101-1F_1.par:1 en cours

Traitement corps solide 4 of 8 en cours
Fichier de piŤce SE D:\GitLAB\ALIM_ELO\4_Fabrication\Version_0\B_Mecanique\1_SolidEdge\6_PoweEntryFuse\JR-101-1F_2.par crťť
Placement de JR-101-1F_2.par:1 en cours

Traitement corps solide 5 of 8 en cours
Fichier de piŤce SE D:\GitLAB\ALIM_ELO\4_Fabrication\Version_0\B_Mecanique\1_SolidEdge\6_PoweEntryFuse\JR-101-1F_3.par crťť
Placement de JR-101-1F_3.par:1 en cours

Traitement corps solide 6 of 8 en cours
Fichier de piŤce SE D:\GitLAB\ALIM_ELO\4_Fabrication\Version_0\B_Mecanique\1_SolidEdge\6_PoweEntryFuse\JR-101-1F_4.par crťť
Placement de JR-101-1F_4.par:1 en cours

Traitement corps solide 7 of 8 en cours
Fichier de piŤce SE D:\GitLAB\ALIM_ELO\4_Fabrication\Version_0\B_Mecanique\1_SolidEdge\6_PoweEntryFuse\JR-101-1F_5.par crťť
Placement de JR-101-1F_5.par:1 en cours

Traitement corps solide 8 of 8 en cours
Fichier de piŤce SE D:\GitLAB\ALIM_ELO\4_Fabrication\Version_0\B_Mecanique\1_SolidEdge\6_PoweEntryFuse\JR-101-1F_6.par crťť
Placement de JR-101-1F_6.par:1 en cours




