Conversion STEP vers Solid Edge
Date: mercredi,janvier 06,2021 02 :34
Fichier source: \\FSERVEUR\FPerrin\GitLAB\alim_elo_dps3005\4_Fabrication\Version_0\B_Mecanique\1_SolidEdge\2_Alim36V\MW_LRS-150\LRS-150.stp
Auteur: '
Organisation: '
SystŤme source: PTC Creo Elements/Direct Modeling 19.0  09-May-2014 (C) Parametric Technology GmbH

Matťriel:
Processeur: Intel(R) Core(TM) i7-2700K CPU @ 3.50GHz
SystŤme d'exploitation: Windows 7 Professional Service Pack 1
Mťmoire installťe: 7.97 GB

Informations sur le logiciel
Version de Parasolid: 26.0.139
Version de PSBodyShop: 16.1.150
Version du convertisseur: 16.42.0
Version de Solid Edge: 106.00.00.100

Options d'importation STEP
Activer transfert des attributs: Actif
Importer filaires Classe II: Actif
Importer filaires Classe III: Actif
Importer surface Classe IV: Actif
Importer solides Classe IV: Actif
Activer couture : Actif
Importer et coudre surfaces de type Classe II: Actif
Convertir solides Classe IV en tant que surfaces relimitťes, puis coudre: Dťsactivť
Corps solides boolťens: Actif
Crťer fonction technologique de base: Actif
Simplifier gťomťtrie: Actif
Rťparation et couture activťes: Dťsactivť
Activer la rťparation interne: Actif
Exporter les noms de composant de piŤce en tant qu'Unicode : Actif

Etape 1 sur 3 - Conversion vers les types de donnťes Parasolid...
Fin de la conversion des types de donnťes Parasolid
Temps nťcessaire ŗ la conversion:00 : 00 : 05

Etape 2 sur 3 - Simplifier la gťomťtrie...
Fin de l'opťration de simplification de la gťomťtrie
Temps nťcessaire ŗ la simplification: 00 : 00 : 01
Couture des surfaces libres...

Etape 3 sur 3 - Crťation des entitťs Parasolid...
Fin de  l'opťration de conversion
Temps total nťcessaire ŗ la conversion et au post-traitement:00 : 00 : 11

emblage de dťpart: 1
Total de piŤces:  1
Assemblages: 0
Corps solides: 1
Corps de type surfaces: 0

Fichier de piŤce SE \\FSERVEUR\FPerrin\GitLAB\alim_elo_dps3005\4_Fabrication\Version_0\B_Mecanique\1_SolidEdge\2_Alim36V\MW_LRS-150\MYLAR.par crťť
Placement de MYLAR.par:1 en cours

Assemblage d'arrivťe: 1

Fichier d'assemblage SE \\FSERVEUR\FPerrin\GitLAB\alim_elo_dps3005\4_Fabrication\Version_0\B_Mecanique\1_SolidEdge\2_Alim36V\MW_LRS-150\MYLAR.asm crťť
Placement de MYLAR.asm:1 en cours

Assemblage de dťpart: 2
Total de piŤces:  1
Assemblages: 0
Corps solides: 1
Corps de type surfaces: 0

Fichier de piŤce SE \\FSERVEUR\FPerrin\GitLAB\alim_elo_dps3005\4_Fabrication\Version_0\B_Mecanique\1_SolidEdge\2_Alim36V\MW_LRS-150\`T`wJ_1.1.par crťť
Placement de `T`wJ_1.1.par:1 en cours

Assemblage d'arrivťe: 2

Fichier d'assemblage SE \\FSERVEUR\FPerrin\GitLAB\alim_elo_dps3005\4_Fabrication\Version_0\B_Mecanique\1_SolidEdge\2_Alim36V\MW_LRS-150\`T`wJ_1.1.asm crťť
Placement de `T`wJ_1.1.asm:1 en cours

Assemblage de dťpart: 3
Total de piŤces:  1
Assemblages: 0
Corps solides: 1
Corps de type surfaces: 0

Fichier de piŤce SE \\FSERVEUR\FPerrin\GitLAB\alim_elo_dps3005\4_Fabrication\Version_0\B_Mecanique\1_SolidEdge\2_Alim36V\MW_LRS-150\MYLAR.1.par crťť
Placement de MYLAR.1.par:1 en cours

Assemblage d'arrivťe: 3

Fichier d'assemblage SE \\FSERVEUR\FPerrin\GitLAB\alim_elo_dps3005\4_Fabrication\Version_0\B_Mecanique\1_SolidEdge\2_Alim36V\MW_LRS-150\MYLAR.1.asm crťť
Placement de MYLAR.1.asm:1 en cours

Assemblage de dťpart: 4
Total de piŤces:  1
Assemblages: 0
Corps solides: 1
Corps de type surfaces: 0

Fichier de piŤce SE \\FSERVEUR\FPerrin\GitLAB\alim_elo_dps3005\4_Fabrication\Version_0\B_Mecanique\1_SolidEdge\2_Alim36V\MW_LRS-150\MYLAR.3.par crťť
Placement de MYLAR.3.par:1 en cours

Assemblage d'arrivťe: 4

Fichier d'assemblage SE \\FSERVEUR\FPerrin\GitLAB\alim_elo_dps3005\4_Fabrication\Version_0\B_Mecanique\1_SolidEdge\2_Alim36V\MW_LRS-150\MYLAR.3.asm crťť
Placement de MYLAR.3.asm:1 en cours

Assemblage de dťpart: 5
Total de piŤces:  11
Assemblages: 3
Corps solides: 8
Corps de type surfaces: 0

Assemblage de dťpart: 6
Total de piŤces:  4
Assemblages: 0
Corps solides: 3
Corps de type surfaces: 1

Fichier de piŤce SE \\FSERVEUR\FPerrin\GitLAB\alim_elo_dps3005\4_Fabrication\Version_0\B_Mecanique\1_SolidEdge\2_Alim36V\MW_LRS-150\DDD.1.par crťť
Placement de DDD.1.par:1 en cours

Fichier de piŤce SE \\FSERVEUR\FPerrin\GitLAB\alim_elo_dps3005\4_Fabrication\Version_0\B_Mecanique\1_SolidEdge\2_Alim36V\MW_LRS-150\DDD.par crťť
Placement de DDD.par:1 en cours

Fichier de piŤce SE \\FSERVEUR\FPerrin\GitLAB\alim_elo_dps3005\4_Fabrication\Version_0\B_Mecanique\1_SolidEdge\2_Alim36V\MW_LRS-150\DD.par crťť
Placement de DD.par:1 en cours

Traitement de 1 corps de type surfaces en cours
Fichier de piŤce SE \\FSERVEUR\FPerrin\GitLAB\alim_elo_dps3005\4_Fabrication\Version_0\B_Mecanique\1_SolidEdge\2_Alim36V\MW_LRS-150\tttt.par crťť
Placement de tttt.par:1 en cours

Assemblage d'arrivťe: 6

Fichier d'assemblage SE \\FSERVEUR\FPerrin\GitLAB\alim_elo_dps3005\4_Fabrication\Version_0\B_Mecanique\1_SolidEdge\2_Alim36V\MW_LRS-150\??.asm crťť
Placement de ??.asm:1 en cours

Assemblage de dťpart: 7
Total de piŤces:  2
Assemblages: 0
Corps solides: 2
Corps de type surfaces: 0

Fichier de piŤce SE \\FSERVEUR\FPerrin\GitLAB\alim_elo_dps3005\4_Fabrication\Version_0\B_Mecanique\1_SolidEdge\2_Alim36V\MW_LRS-150\pin.1.1.par crťť
Placement de pin.1.1.par:1 en cours

Fichier de piŤce SE \\FSERVEUR\FPerrin\GitLAB\alim_elo_dps3005\4_Fabrication\Version_0\B_Mecanique\1_SolidEdge\2_Alim36V\MW_LRS-150\p2.par crťť
Placement de p2.par:1 en cours

Assemblage d'arrivťe: 7

Fichier d'assemblage SE \\FSERVEUR\FPerrin\GitLAB\alim_elo_dps3005\4_Fabrication\Version_0\B_Mecanique\1_SolidEdge\2_Alim36V\MW_LRS-150\HS.asm crťť
Placement de HS.asm:1 en cours

Assemblage de dťpart: 8
Total de piŤces:  2
Assemblages: 0
Corps solides: 2
Corps de type surfaces: 0

Fichier de piŤce SE \\FSERVEUR\FPerrin\GitLAB\alim_elo_dps3005\4_Fabrication\Version_0\B_Mecanique\1_SolidEdge\2_Alim36V\MW_LRS-150\tn.1.1.1.1.1.par crťť
Placement de tn.1.1.1.1.1.par:1 en cours

Fichier de piŤce SE \\FSERVEUR\FPerrin\GitLAB\alim_elo_dps3005\4_Fabrication\Version_0\B_Mecanique\1_SolidEdge\2_Alim36V\MW_LRS-150\PCB.par crťť
Placement de PCB.par:1 en cours

Assemblage d'arrivťe: 8

Fichier d'assemblage SE \\FSERVEUR\FPerrin\GitLAB\alim_elo_dps3005\4_Fabrication\Version_0\B_Mecanique\1_SolidEdge\2_Alim36V\MW_LRS-150\a1-1.asm crťť
Placement de a1-1.asm:1 en cours

Fichier de piŤce SE \\FSERVEUR\FPerrin\GitLAB\alim_elo_dps3005\4_Fabrication\Version_0\B_Mecanique\1_SolidEdge\2_Alim36V\MW_LRS-150\MOS15.5x10.1.1.1.1.1.1.1.3.par crťť
Placement de MOS15.5x10.1.1.1.1.1.1.1.3.par:1 en cours

Fichier de piŤce SE \\FSERVEUR\FPerrin\GitLAB\alim_elo_dps3005\4_Fabrication\Version_0\B_Mecanique\1_SolidEdge\2_Alim36V\MW_LRS-150\22.1.par crťť
Placement de 22.1.par:1 en cours

Fichier de piŤce SE \\FSERVEUR\FPerrin\GitLAB\alim_elo_dps3005\4_Fabrication\Version_0\B_Mecanique\1_SolidEdge\2_Alim36V\MW_LRS-150\33.par crťť
Placement de 33.par:1 en cours

Fichier de piŤce SE \\FSERVEUR\FPerrin\GitLAB\alim_elo_dps3005\4_Fabrication\Version_0\B_Mecanique\1_SolidEdge\2_Alim36V\MW_LRS-150\??.par crťť
Placement de ??.par:1 en cours

Fichier de piŤce SE \\FSERVEUR\FPerrin\GitLAB\alim_elo_dps3005\4_Fabrication\Version_0\B_Mecanique\1_SolidEdge\2_Alim36V\MW_LRS-150\MHS033.1.par crťť
Placement de MHS033.1.par:1 en cours

Fichier \\FSERVEUR\FPerrin\GitLAB\alim_elo_dps3005\4_Fabrication\Version_0\B_Mecanique\1_SolidEdge\2_Alim36V\MW_LRS-150\MOS15.5x10.1.1.1.1.1.1.1.3.par en cours de rťutilisation
Placement de MOS15.5x10.1.1.1.1.1.1.1.3.par:2 en cours

Fichier \\FSERVEUR\FPerrin\GitLAB\alim_elo_dps3005\4_Fabrication\Version_0\B_Mecanique\1_SolidEdge\2_Alim36V\MW_LRS-150\MOS15.5x10.1.1.1.1.1.1.1.3.par en cours de rťutilisation
Placement de MOS15.5x10.1.1.1.1.1.1.1.3.par:3 en cours

Fichier \\FSERVEUR\FPerrin\GitLAB\alim_elo_dps3005\4_Fabrication\Version_0\B_Mecanique\1_SolidEdge\2_Alim36V\MW_LRS-150\MOS15.5x10.1.1.1.1.1.1.1.3.par en cours de rťutilisation
Placement de MOS15.5x10.1.1.1.1.1.1.1.3.par:4 en cours

Assemblage d'arrivťe: 8

Fichier d'assemblage SE \\FSERVEUR\FPerrin\GitLAB\alim_elo_dps3005\4_Fabrication\Version_0\B_Mecanique\1_SolidEdge\2_Alim36V\MW_LRS-150\a2.asm crťť
Placement de a2.asm:1 en cours

Assemblage de dťpart: 9
Total de piŤces:  1
Assemblages: 0
Corps solides: 1
Corps de type surfaces: 0

Fichier de piŤce SE \\FSERVEUR\FPerrin\GitLAB\alim_elo_dps3005\4_Fabrication\Version_0\B_Mecanique\1_SolidEdge\2_Alim36V\MW_LRS-150\MYLAR.2.par crťť
Placement de MYLAR.2.par:1 en cours

Assemblage d'arrivťe: 9

Fichier d'assemblage SE \\FSERVEUR\FPerrin\GitLAB\alim_elo_dps3005\4_Fabrication\Version_0\B_Mecanique\1_SolidEdge\2_Alim36V\MW_LRS-150\MYLAR.2.asm crťť
Placement de MYLAR.2.asm:1 en cours




